This is pdfTeX, Version 3.141592653-2.6-1.40.27 (TeX Live 2025) (preloaded format=pdflatex 2026.1.1)  10 JUN 2026 23:07
entering extended mode
 restricted \write18 enabled.
 %&-line parsing enabled.
**agujournaltemplate.tex
(./agujournaltemplate.tex
LaTeX2e <2024-11-01> patch level 2
L3 programming layer <2025-01-18>
(./agujournal2019.cls
Document Class: agujournal2019 01/14/2019
(/usr/local/texlive/2025basic/texmf-dist/tex/latex/graphics/graphicx.sty
Package: graphicx 2021/09/16 v1.2d Enhanced LaTeX Graphics (DPC,SPQR)

(/usr/local/texlive/2025basic/texmf-dist/tex/latex/graphics/keyval.sty
Package: keyval 2022/05/29 v1.15 key=value parser (DPC)
\KV@toks@=\toks17
)
(/usr/local/texlive/2025basic/texmf-dist/tex/latex/graphics/graphics.sty
Package: graphics 2024/08/06 v1.4g Standard LaTeX Graphics (DPC,SPQR)

(/usr/local/texlive/2025basic/texmf-dist/tex/latex/graphics/trig.sty
Package: trig 2023/12/02 v1.11 sin cos tan (DPC)
)
(/usr/local/texlive/2025basic/texmf-dist/tex/latex/graphics-cfg/graphics.cfg
File: graphics.cfg 2016/06/04 v1.11 sample graphics configuration
)
Package graphics Info: Driver file: pdftex.def on input line 106.

(/usr/local/texlive/2025basic/texmf-dist/tex/latex/graphics-def/pdftex.def
File: pdftex.def 2024/04/13 v1.2c Graphics/color driver for pdftex
))
\Gin@req@height=\dimen141
\Gin@req@width=\dimen142
)
(/usr/local/texlive/2025basic/texmf-dist/tex/latex/xcolor/xcolor.sty
Package: xcolor 2024/09/29 v3.02 LaTeX color extensions (UK)

(/usr/local/texlive/2025basic/texmf-dist/tex/latex/graphics-cfg/color.cfg
File: color.cfg 2016/01/02 v1.6 sample color configuration
)
Package xcolor Info: Driver file: pdftex.def on input line 274.

(/usr/local/texlive/2025basic/texmf-dist/tex/latex/graphics/mathcolor.ltx)
Package xcolor Info: Model `cmy' substituted by `cmy0' on input line 1349.
Package xcolor Info: Model `hsb' substituted by `rgb' on input line 1353.
Package xcolor Info: Model `RGB' extended on input line 1365.
Package xcolor Info: Model `HTML' substituted by `rgb' on input line 1367.
Package xcolor Info: Model `Hsb' substituted by `hsb' on input line 1368.
Package xcolor Info: Model `tHsb' substituted by `hsb' on input line 1369.
Package xcolor Info: Model `HSB' substituted by `hsb' on input line 1370.
Package xcolor Info: Model `Gray' substituted by `gray' on input line 1371.
Package xcolor Info: Model `wave' substituted by `hsb' on input line 1372.
)
(/usr/local/texlive/2025basic/texmf-dist/tex/latex/url/url.sty
\Urlmuskip=\muskip17
Package: url 2013/09/16  ver 3.4  Verb mode for urls, etc.
)
(/usr/local/texlive/2025basic/texmf-dist/tex/latex/lineno/lineno.sty
Package: lineno 2025/01/29 line numbers on paragraphs v5.4

(/usr/local/texlive/2025basic/texmf-dist/tex/latex/etoolbox/etoolbox.sty
Package: etoolbox 2025/02/11 v2.5l e-TeX tools for LaTeX (JAW)
\etb@tempcnta=\count196
)
(/usr/local/texlive/2025basic/texmf-dist/tex/latex/kvoptions/kvoptions.sty
Package: kvoptions 2022-06-15 v3.15 Key value format for package options (HO)

(/usr/local/texlive/2025basic/texmf-dist/tex/generic/ltxcmds/ltxcmds.sty
Package: ltxcmds 2023-12-04 v1.26 LaTeX kernel commands for general use (HO)
)
(/usr/local/texlive/2025basic/texmf-dist/tex/latex/kvsetkeys/kvsetkeys.sty
Package: kvsetkeys 2022-10-05 v1.19 Key value parser (HO)
))
\linenopenalty=\count197
\output=\toks18
\linenoprevgraf=\count198
\linenumbersep=\dimen143
\linenumberwidth=\dimen144
\c@linenumber=\count199
\c@pagewiselinenumber=\count266
\c@LN@truepage=\count267
\c@internallinenumber=\count268
\c@internallinenumbers=\count269
\quotelinenumbersep=\dimen145
\bframerule=\dimen146
\bframesep=\dimen147
\bframebox=\box52
LaTeX Info: Redefining \\ on input line 3187.
)
(/usr/local/texlive/2025basic/texmf-dist/tex/latex/tools/indentfirst.sty
Package: indentfirst 2023/07/02 v1.03 Indent first paragraph (DPC)
)
(/usr/local/texlive/2025basic/texmf-dist/tex/latex/ragged2e/ragged2e.sty
Package: ragged2e 2023/06/22 v3.6 ragged2e Package
\CenteringLeftskip=\skip49
\RaggedLeftLeftskip=\skip50
\RaggedRightLeftskip=\skip51
\CenteringRightskip=\skip52
\RaggedLeftRightskip=\skip53
\RaggedRightRightskip=\skip54
\CenteringParfillskip=\skip55
\RaggedLeftParfillskip=\skip56
\RaggedRightParfillskip=\skip57
\JustifyingParfillskip=\skip58
\CenteringParindent=\skip59
\RaggedLeftParindent=\skip60
\RaggedRightParindent=\skip61
\JustifyingParindent=\skip62
)
(/usr/local/texlive/2025basic/texmf-dist/tex/latex/graphics/rotating.sty
Package: rotating 2016/08/11 v2.16d rotated objects in LaTeX

(/usr/local/texlive/2025basic/texmf-dist/tex/latex/base/ifthen.sty
Package: ifthen 2024/03/16 v1.1e Standard LaTeX ifthen package (DPC)
)
\c@r@tfl@t=\count270
\rotFPtop=\skip63
\rotFPbot=\skip64
\rot@float@box=\box53
\rot@mess@toks=\toks19
)
\draftskip=\count271
\c@section=\count272
\c@subsection=\count273
\c@subsubsection=\count274
\c@paragraph=\count275
\c@subparagraph=\count276
\c@figure=\count277
\c@table=\count278
\abovecaptionskip=\skip65
\belowcaptionskip=\skip66
\c@appendnum=\count279
\bibindent=\dimen148

(/Users/wangbin/Library/texmf/tex/latex/apacite/apacite.sty
Package: apacite 2013/07/21 v6.03 APA citation
\c@BibCnt=\count280
\bibleftmargin=\skip67
\bibindent=\skip68
\bibparsep=\skip69
\bibitemsep=\skip70
\biblabelsep=\skip71
))
(./trackchanges.sty
Package: trackchanges 2009/04/22 v0.7.0 TrackChanges file 

(/usr/local/texlive/2025basic/texmf-dist/tex/latex/tools/calc.sty
Package: calc 2023/07/08 v4.3 Infix arithmetic (KKT,FJ)
\calc@Acount=\count281
\calc@Bcount=\count282
\calc@Adimen=\dimen149
\calc@Bdimen=\dimen150
\calc@Askip=\skip72
\calc@Bskip=\skip73
LaTeX Info: Redefining \setlength on input line 80.
LaTeX Info: Redefining \addtolength on input line 81.
\calc@Ccount=\count283
\calc@Cskip=\skip74
)
(/usr/local/texlive/2025basic/texmf-dist/tex/generic/soul/soul.sty
Package: soul 2023-06-14 v3.1 Permit use of UTF-8 characters in soul (HO)

(/usr/local/texlive/2025basic/texmf-dist/tex/generic/soul/soul-ori.sty
Package: soul-ori 2023-06-14 v3.1 letterspacing/underlining (mf)
\SOUL@word=\toks20
\SOUL@lasttoken=\toks21
\SOUL@syllable=\toks22
\SOUL@cmds=\toks23
\SOUL@buffer=\toks24
\SOUL@token=\toks25
\SOUL@syllgoal=\dimen151
\SOUL@syllwidth=\dimen152
\SOUL@charkern=\dimen153
\SOUL@hyphkern=\dimen154
\SOUL@dimen=\dimen155
\SOUL@dimeni=\dimen156
\SOUL@minus=\count284
\SOUL@comma=\count285
\SOUL@apo=\count286
\SOUL@grave=\count287
\SOUL@spaceskip=\skip75
\SOUL@ttwidth=\dimen157
\SOUL@uldp=\dimen158
\SOUL@ulht=\dimen159
)
(/usr/local/texlive/2025basic/texmf-dist/tex/generic/infwarerr/infwarerr.sty
Package: infwarerr 2019/12/03 v1.5 Providing info/warning/error messages (HO)
)
(/usr/local/texlive/2025basic/texmf-dist/tex/generic/etexcmds/etexcmds.sty
Package: etexcmds 2019/12/15 v1.7 Avoid name clashes with e-TeX commands (HO)

(/usr/local/texlive/2025basic/texmf-dist/tex/generic/iftex/iftex.sty
Package: iftex 2024/12/12 v1.0g TeX engine tests
)))
(/usr/local/texlive/2025basic/texmf-dist/tex/latex/morefloats/morefloats.sty
Package: morefloats 2025/01/28 v1.1a Raise limit of unprocessed floats (HMM)
Package morefloats Info: Maximum number of possible floats asked for: 36
(morefloats)             (i.e. 18 more floats).
(morefloats)             LaTeX might run out of memory before this
(morefloats)             (in which case it will notify you).
)
\c@userid=\count288
\c@changenumber=\count289
\c@storefootnote=\count290
\c@numeditors=\count291
\c@maxeditors=\count292
)
(/usr/local/texlive/2025basic/texmf-dist/tex/latex/l3backend/l3backend-pdftex.d
ef
File: l3backend-pdftex.def 2024-05-08 L3 backend support: PDF output (pdfTeX)
\l__color_backend_stack_int=\count293
\l__pdf_internal_box=\box54
) (./agujournaltemplate.aux)
\openout1 = `agujournaltemplate.aux'.

LaTeX Font Info:    Checking defaults for OML/cmm/m/it on input line 65.
LaTeX Font Info:    ... okay on input line 65.
LaTeX Font Info:    Checking defaults for OMS/cmsy/m/n on input line 65.
LaTeX Font Info:    ... okay on input line 65.
LaTeX Font Info:    Checking defaults for OT1/cmr/m/n on input line 65.
LaTeX Font Info:    ... okay on input line 65.
LaTeX Font Info:    Checking defaults for T1/cmr/m/n on input line 65.
LaTeX Font Info:    ... okay on input line 65.
LaTeX Font Info:    Checking defaults for TS1/cmr/m/n on input line 65.
LaTeX Font Info:    ... okay on input line 65.
LaTeX Font Info:    Checking defaults for OMX/cmex/m/n on input line 65.
LaTeX Font Info:    ... okay on input line 65.
LaTeX Font Info:    Checking defaults for U/cmr/m/n on input line 65.
LaTeX Font Info:    ... okay on input line 65.

(/usr/local/texlive/2025basic/texmf-dist/tex/context/base/mkii/supp-pdf.mkii
[Loading MPS to PDF converter (version 2006.09.02).]
\scratchcounter=\count294
\scratchdimen=\dimen160
\scratchbox=\box55
\nofMPsegments=\count295
\nofMParguments=\count296
\everyMPshowfont=\toks26
\MPscratchCnt=\count297
\MPscratchDim=\dimen161
\MPnumerator=\count298
\makeMPintoPDFobject=\count299
\everyMPtoPDFconversion=\toks27
)
(/usr/local/texlive/2025basic/texmf-dist/tex/latex/epstopdf-pkg/epstopdf-base.s
ty
Package: epstopdf-base 2020-01-24 v2.11 Base part for package epstopdf
 (/usr/local/texlive/2025basic/texmf-dist/tex/latex/grfext/grfext.sty
Package: grfext 2019/12/03 v1.3 Manage graphics extensions (HO)

(/usr/local/texlive/2025basic/texmf-dist/tex/generic/kvdefinekeys/kvdefinekeys.
sty
Package: kvdefinekeys 2019-12-19 v1.6 Define keys (HO)
))
(/usr/local/texlive/2025basic/texmf-dist/tex/generic/pdftexcmds/pdftexcmds.sty
Package: pdftexcmds 2020-06-27 v0.33 Utility functions of pdfTeX for LuaTeX (HO
)
Package pdftexcmds Info: \pdf@primitive is available.
Package pdftexcmds Info: \pdf@ifprimitive is available.
Package pdftexcmds Info: \pdfdraftmode found.
)
Package epstopdf-base Info: Redefining graphics rule for `.eps' on input line 4
85.
Package grfext Info: Graphics extension search list:
(grfext)             [.pdf,.png,.jpg,.mps,.jpeg,.jbig2,.jb2,.PDF,.PNG,.JPG,.JPE
G,.JBIG2,.JB2,.eps]
(grfext)             \AppendGraphicsExtensions on input line 504.

(/usr/local/texlive/2025basic/texmf-dist/tex/latex/latexconfig/epstopdf-sys.cfg
File: epstopdf-sys.cfg 2010/07/13 v1.3 Configuration of (r)epstopdf for TeX Liv
e
))
\c@maskedRefs=\count300
 (/Users/wangbin/Library/texmf/tex/latex/apacite/english.apc
File: english.apc 2013/07/21 v6.03 apacite language file
LaTeX Info: Redefining \BPBI on input line 129.
LaTeX Info: Redefining \BHBI on input line 130.
)
LaTeX Font Info:    External font `cmex10' loaded for size
(Font)              <7> on input line 100.
LaTeX Font Info:    External font `cmex10' loaded for size
(Font)              <5> on input line 100.
LaTeX Font Info:    External font `cmex10' loaded for size
(Font)              <8> on input line 108.
LaTeX Font Info:    External font `cmex10' loaded for size
(Font)              <6> on input line 108.

Overfull \hbox (1.71017pt too wide) in paragraph at lines 140--141
[]\OT1/cmr/m/n/10 Carbonate dis-so-lu-tion changes hy-draulic con-nec-tiv-ity a
nd pore fluid con-duc-tiv- 
 []


Overfull \hbox (3.6823pt too wide) in paragraph at lines 141--142
[]\OT1/cmr/m/n/10 Conductivity growth can sup-press elec-troki-netic cou-pling 
even when per-me-abil- 
 []


Overfull \hbox (4.09883pt too wide) in paragraph at lines 142--143
[]\OT1/cmr/m/n/10 Finite off-set wave-forms pre-serve the co-ef-fi-cient level 
weak-en-ing of in-ter-face elec- 
 []



[1{/usr/local/texlive/2025basic/texmf-var/fonts/map/pdftex/updmap/pdftex.map}]
Overfull \hbox (8.23781pt too wide) in paragraph at lines 166--172
\OT1/cmr/m/n/10 Seismoelectric in-ter-face re-sponses can be sen-si-tive to hy-
draulic and elec-tri-cal con-trasts, 
 []


Overfull \hbox (16.93227pt too wide) in paragraph at lines 166--172
\OT1/cmr/m/n/10 but it re-mains un-clear how re-ac-tive trans-port changes thes
e sig-nals as pore net-works dis- 
 []


Overfull \hbox (2.7935pt too wide) in paragraph at lines 166--172
\OT1/cmr/m/n/10 solve. Here we map re-ac-tive trans-port out-puts for car-bon-a
te dis-so-lu-tion into dy-namic 
 []


Overfull \hbox (24.18234pt too wide) in paragraph at lines 166--172
\OT1/cmr/m/n/10 elec-troki-netic prop-er-ties, Schakel-type in-ter-face con-ver
-sion co-ef-fi-cients, and Liu-type finite- 
 []


Overfull \hbox (3.8768pt too wide) in paragraph at lines 166--172
\OT1/cmr/m/n/10 offset wave-form syn-the-sis. The sim-u-la-tions in-di-cate tha
t dis-so-lu-tion in-creases poros-ity 
 []


Overfull \hbox (7.07121pt too wide) in paragraph at lines 166--172
\OT1/cmr/m/n/10 and per-me-abil-ity, but higher Peclet num-ber cases also pro-d
uce stronger pore-fluid con- 
 []


Overfull \hbox (17.62328pt too wide) in paragraph at lines 166--172
\OT1/cmr/m/n/10 sult, the in-ter-face con-ver-sion co-ef-fi-cients and post-$\O
ML/cmm/m/it/10 T[]$ \OT1/cmr/m/n/10 wave-form am-pli-tudes de-crease most 
 []


Overfull \hbox (5.54337pt too wide) in paragraph at lines 166--172
\OT1/cmr/m/n/10 strongly in the cases with the largest per-me-abil-ity in-creas
e. These re-sults sug-gest that 
 []


Overfull \hbox (11.32129pt too wide) in paragraph at lines 166--172
\OT1/cmr/m/n/10 seis-mo-elec-tric mon-i-tor-ing of dis-so-lu-tion should ac-cou
nt for the com-pe-ti-tion be-tween hy- 
 []


Overfull \hbox (12.01576pt too wide) in paragraph at lines 166--172
\OT1/cmr/m/n/10 draulic con-nec-tiv-ity and elec-tri-cal leak-age, rather than 
in-ter-pret-ing per-me-abil-ity growth 
 []


LaTeX Font Warning: Font shape `OT1/cmr/m/n' in size <10.5> not available
(Font)              size <10.95> substituted on input line 174.


LaTeX Font Warning: Font shape `OT1/cmr/bx/n' in size <10.5> not available
(Font)              size <10.95> substituted on input line 174.


Overfull \hbox (9.5156pt too wide) in paragraph at lines 175--180
[]\OT1/cmr/m/n/10 When rock dis-solves, pores can be-come more con-nected and f
lu-ids can move more 
 []


Overfull \hbox (13.71008pt too wide) in paragraph at lines 175--180
\OT1/cmr/m/n/10 eas-ily. At the same time, the fluid in the pores can be-come m
ore elec-tri-cally con-duc-tive. 
 []


Overfull \hbox (0.93216pt too wide) in paragraph at lines 175--180
\OT1/cmr/m/n/10 These two changes have op-po-site ef-fects on seis-mo-elec-tric
 sig-nals, which are elec-tri-cal 
 []


Overfull \hbox (11.98785pt too wide) in paragraph at lines 175--180
\OT1/cmr/m/n/10 sig-nals pro-duced when seis-mic waves pass through water-fille
d porous rocks. This study 
 []


Overfull \hbox (11.34897pt too wide) in paragraph at lines 175--180
\OT1/cmr/m/n/10 uses nu-mer-i-cal sim-u-la-tions to test how car-bon-ate dis-so
-lu-tion changes these sig-nals. The 
 []


Overfull \hbox (15.32115pt too wide) in paragraph at lines 175--180
\OT1/cmr/m/n/10 re-sults show that stronger flow path-ways do not nec-es-sar-il
y pro-duce stronger seis-mo-elec- 
 []


Overfull \hbox (14.48782pt too wide) in paragraph at lines 175--180
\OT1/cmr/m/n/10 tric re-sponses, be-cause in-creased fluid con-duc-tiv-ity can 
weaken the elec-troki-netic source.  
 []


Overfull \hbox (0.15439pt too wide) in paragraph at lines 214--216
[]\OT1/cmr/m/n/10 Seismoelectric in-ter-face re-sponses pro-vide a way to con-n
ect seis-mic wave prop-a- 
 []


Overfull \hbox (16.0435pt too wide) in paragraph at lines 214--216
\OT1/cmr/m/n/10 ga-tion with hy-draulic and elec-tri-cal con-trasts in porous m
e-dia. Pre-vi-ous work has shown 
 []


Overfull \hbox (18.34917pt too wide) in paragraph at lines 214--216
\OT1/cmr/m/n/10 that these re-sponses can con-tain in-for-ma-tion about per-me-
abil-ity, sat-u-ra-tion, salin-ity, and 
 []


Overfull \hbox (3.09894pt too wide) in paragraph at lines 217--219
[]\OT1/cmr/m/n/10 Reactive trans-port stud-ies show that min-eral dis-so-lu-tio
n can re-or-ga-nize pore ge- 
 []


Overfull \hbox (12.29341pt too wide) in paragraph at lines 217--219
\OT1/cmr/m/n/10 om-e-try, flow path-ways, and pore-fluid chem-istry over a much
 longer time scale. For car- 
 []


Overfull \hbox (1.599pt too wide) in paragraph at lines 217--219
\OT1/cmr/m/n/10 bon-ate me-dia, these changes can in-crease poros-ity and per-m
e-abil-ity while also chang- 
 []


Overfull \hbox (7.8766pt too wide) in paragraph at lines 220--222
[]\OT1/cmr/m/n/10 The cen-tral chal-lenge is that these changes do not af-fect 
the seis-mo-elec-tric source 
 []


Overfull \hbox (37.26576pt too wide) in paragraph at lines 220--222
\OT1/cmr/m/n/10 in the same di-rec-tion. Per-me-abil-ity growth can strengthen 
hy-draulic com-mu-ni-ca-tion, whereas 
 []


Overfull \hbox (4.9601pt too wide) in paragraph at lines 220--222
\OT1/cmr/m/n/10 con-duc-tiv-ity growth can re-duce the rel-a-tive elec-troki-ne
tic cou-pling and weaken the in- 
 []


Overfull \hbox (3.9323pt too wide) in paragraph at lines 223--226
[]\OT1/cmr/m/n/10 This study tests how this com-pe-ti-tion is trans-ferred from
 re-ac-tive trans-port out- 
 []


Overfull \hbox (4.93233pt too wide) in paragraph at lines 223--226
\OT1/cmr/m/n/10 puts to dy-namic elec-troki-netic pa-ram-e-ters, in-ter-face co
n-ver-sion co-ef-fi-cients, and finite- 
 []


Overfull \hbox (5.07123pt too wide) in paragraph at lines 223--226
\OT1/cmr/m/n/10 offset wave-form am-pli-tudes. We dis-tin-guish dis-so-lu-tion 
time, which de-scribes chem-i-cal 
 []


Overfull \hbox (2.5434pt too wide) in paragraph at lines 223--226
\OT1/cmr/m/n/10 evo-lu-tion, from wave-form time, which de-scribes the microsec
ond-scale re-sponse of one 
 []


Overfull \hbox (23.48787pt too wide) in paragraph at lines 223--226
\OT1/cmr/m/n/10 evolved ma-te-rial state. Fig-ure 1[] de-fines the finite-offse
t source-receiver ge-om-e-try and sum- 
 []

<figures/figure1.png, id=17, 3011.25pt x 3376.615pt>
File: figures/figure1.png Graphic file (type png)
<use figures/figure1.png>
Package pdftex.def Info: figures/figure1.png  used on input line 228.
(pdftex.def)             Requested size: 397.48499pt x 445.67334pt.

Underfull \hbox (badness 10000) in paragraph at lines 229--229
[]\OT1/cmr/bx/n/9 Figure  1. \OT1/cmr/m/n/9 Finite-offset seis-mo-elec-tric con
-fig-u-ra-tion and cou-pled mod-el-ing work-flow. (a)
 []


Underfull \hbox (badness 10000) in paragraph at lines 229--229
\OT1/cmr/m/n/9 Acous-tic source, fluid-porous in-ter-face, off-set dis-tance, a
nd elec-tric re-ceiver line used in the wave-
 []


Underfull \hbox (badness 10000) in paragraph at lines 229--229
\OT1/cmr/m/n/9 form syn-the-sis. (b) Sep-a-ra-tion be-tween dis-so-lu-tion time
 and wave-form time, and the map-ping
 []


Underfull \hbox (badness 10000) in paragraph at lines 229--229
\OT1/cmr/m/n/9 from re-ac-tive trans-port out-puts to dy-namic elec-troki-netic
 prop-er-ties, in-ter-face co-ef-fi-cients, and
 []


Overfull \hbox (3.82117pt too wide) in paragraph at lines 237--239
[]\OT1/cmr/m/n/10 We use three re-ac-tive trans-port sim-u-la-tions with Pe = 0
.1, 1, and 10 as evolv-ing 
 []


Overfull \hbox (21.54352pt too wide) in paragraph at lines 237--239
\OT1/cmr/m/n/10 porous me-dia states. For each time step, poros-ity, per-me-abi
l-ity, tor-tu-os-ity, out-let $H[]$ con- 
 []


Overfull \hbox (11.51573pt too wide) in paragraph at lines 237--239
\OT1/cmr/m/n/10 cen-tra-tion, and de-rived pore-fluid con-duc-tiv-ity de-fine t
he ma-te-rial in-puts to the seis-mo- 
 []


Underfull \vbox (badness 10000) has occurred while \output is active []



[2]

[3 <./figures/figure1.png>]
Overfull \hbox (17.4045pt too wide) in paragraph at lines 240--242
[]\OT1/cmr/m/n/10 The anal-y-sis is re-stricted to the poroe-las-tic va-lid-ity
 win-dow used in the cur-rent for- 
 []


Overfull \hbox (9.79347pt too wide) in paragraph at lines 240--242
\OT1/cmr/m/n/10 ward model. This re-stric-tion keeps the in-ter-pre-ta-tion fo-
cused on the part of dis-so-lu-tion 
 []


Overfull \hbox (0.2657pt too wide) in paragraph at lines 240--242
\OT1/cmr/m/n/10 evo-lu-tion that can be mapped con-sis-tently into the Schakel/
Pride-type seis-mo-elec-tric 
 []


Overfull \hbox (32.19627pt too wide) in paragraph at lines 243--243
[]\OT1/cmr/bx/n/10 Mapping Re-ac-tive Trans-port Out-puts to Dy-namic Elec-trok
i-netic Prop- 
 []


Overfull \hbox (0.29337pt too wide) in paragraph at lines 245--247
[]\OT1/cmr/m/n/10 The re-ac-tive trans-port vari-ables are con-verted into freq
uency-dependent per-me- 
 []


Overfull \hbox (14.08865pt too wide) in paragraph at lines 245--247
\OT1/cmr/m/n/10 abil-ity, dy-namic elec-troki-netic cou-pling $\OML/cmm/m/it/10
 L\OT1/cmr/m/n/10 (\OML/cmm/m/it/10 !\OT1/cmr/m/n/10 )$, and dy-namic con-duc-t
iv-ity $\OML/cmm/m/it/10 ^^[\OT1/cmr/m/n/10 (\OML/cmm/m/it/10 !\OT1/cmr/m/n/10 
)$. This step 
 []


Overfull \hbox (3.98784pt too wide) in paragraph at lines 245--247
\OT1/cmr/m/n/10 de-fines the phys-i-cal bridge be-tween chem-i-cal evo-lu-tion 
and the elec-tro-mag-netic source 
 []


Overfull \hbox (2.43228pt too wide) in paragraph at lines 250--252
[]\OT1/cmr/m/n/10 For each evolved state, the dy-namic prop-er-ties are in-sert
ed into the fluid-porous 
 []


Overfull \hbox (10.84906pt too wide) in paragraph at lines 250--252
\OT1/cmr/m/n/10 medium in-ter-face bound-ary value prob-lem. The main coefficie
nt-level quan-ti-ties are the 
 []


Overfull \hbox (2.07114pt too wide) in paragraph at lines 255--257
[]\OT1/cmr/m/n/10 Finite-offset wave-forms are cal-cu-lated with a frequency-wa
venumber spec-tral in- 
 []


Overfull \hbox (4.21014pt too wide) in paragraph at lines 255--257
\OT1/cmr/m/n/10 te-gral fol-low-ing the Liu-type VSEP ge-om-e-try. Each wave-fo
rm panel is in-dexed by dis- 
 []


Overfull \hbox (11.23431pt too wide) in paragraph at lines 260--262
[]\OT1/cmr/m/n/10 The wave-form syn-the-sis is checked for pre-$\OML/cmm/m/it/1
0 T[]$ \OT1/cmr/m/n/10 leak-age and fre-quency sam-pling con- 
 []


Overfull \hbox (44.26694pt too wide) in paragraph at lines 260--262
\OT1/cmr/m/n/10 ver-gence. Nor-mal-ized $\OML/cmm/m/it/10 R[]$\OT1/cmr/m/n/10 ,
 $\OML/cmm/m/it/10 T[]$\OT1/cmr/m/n/10 , $\OMS/cmsy/m/n/10 j\OML/cmm/m/it/10 L\
OMS/cmsy/m/n/10 j\OML/cmm/m/it/10 =\OMS/cmsy/m/n/10 j\OML/cmm/m/it/10 ^^[\OMS/c
msy/m/n/10 j$\OT1/cmr/m/n/10 , and spectral-ratio met-rics are then used as sim
ulation- 
 []


Overfull \hbox (2.01857pt too wide) in paragraph at lines 265--265
[]\OT1/cmr/bx/n/10 Dissolution Changes Hy-draulic and Elec-tri-cal Path-ways To
-gether  
 []


Overfull \hbox (10.46008pt too wide) in paragraph at lines 267--270
[]\OT1/cmr/m/n/10 Dissolution in-creases poros-ity and per-me-abil-ity in all P
e cases, but the per-me-abil- 
 []


Overfull \hbox (14.73781pt too wide) in paragraph at lines 267--270
\OT1/cmr/m/n/10 ity in-crease is much larger for Pe = 1 and Pe = 10 than for Pe
 = 0.1. At the same time, 
 []


Overfull \hbox (15.90456pt too wide) in paragraph at lines 267--270
\OT1/cmr/m/n/10 the higher Pe cases de-velop much stronger pore-fluid con-duc-t
iv-ity growth, set-ting up the 
 []


Overfull \hbox (10.79347pt too wide) in paragraph at lines 267--270
\OT1/cmr/m/n/10 com-pe-ti-tion that con-trols the seis-mo-elec-tric re-sponse. 
Within the valid win-dow, per-me- 
 []


Overfull \hbox (2.96013pt too wide) in paragraph at lines 267--270
\OT1/cmr/m/n/10 abil-ity in-creases by about 20 times for Pe = 0.1 and by more 
than 200 times for Pe = 
 []

<figures/figure2.png, id=28, 831.105pt x 650.43pt>
File: figures/figure2.png Graphic file (type png)
<use figures/figure2.png>
Package pdftex.def Info: figures/figure2.png  used on input line 272.
(pdftex.def)             Requested size: 397.48499pt x 311.07143pt.

Underfull \hbox (badness 10000) in paragraph at lines 273--273
[]\OT1/cmr/bx/n/9 Figure  2. \OT1/cmr/m/n/9 Re-ac-tive trans-port evo-lu-tion o
f poros-ity, per-me-abil-ity, tor-tu-os-ity, con-cen-tra-tion,
 []


Underfull \hbox (badness 10000) in paragraph at lines 273--273
\OT1/cmr/m/n/9 con-duc-tiv-ity, and re-lated state vari-ables. The fig-ure es-t
ab-lishes the hy-draulic and elec-tri-cal path-
 []


Overfull \hbox (20.3033pt too wide) in paragraph at lines 277--277
[]\OT1/cmr/bx/n/10 Dynamic Elec-troki-netic Prop-er-ties Trans-late Dis-so-lu-t
ion Into Source 
 []


Overfull \hbox (19.94962pt too wide) in paragraph at lines 279--282
[]\OT1/cmr/m/n/10 The dy-namic bridge shows that $\OML/cmm/m/it/10 ^^[\OT1/cmr/
m/n/10 (\OML/cmm/m/it/10 !\OT1/cmr/m/n/10 )$ in-creases with pore-fluid con-duc
-tiv-ity, whereas 
 []


Overfull \hbox (4.79335pt too wide) in paragraph at lines 279--282
\OML/cmm/m/it/10 L\OT1/cmr/m/n/10 (\OML/cmm/m/it/10 !\OT1/cmr/m/n/10 )$ de-crea
ses strongly in the higher Pe cases. This re-sult in-di-cates that per-me-abil-
ity 
 []


Overfull \hbox (1.73781pt too wide) in paragraph at lines 279--282
\OT1/cmr/m/n/10 alone is not a suf-fi-cient pre-dic-tor of the in-ter-face elec
-tro-mag-netic re-sponse. In Pe = 1 
 []


Overfull \hbox (5.4219pt too wide) in paragraph at lines 279--282
\OT1/cmr/m/n/10 and Pe = 10, $\OMS/cmsy/m/n/10 j\OML/cmm/m/it/10 ^^[\OMS/cmsy/m
/n/10 j$ \OT1/cmr/m/n/10 in-creases by about 114--158 times, while $\OMS/cmsy/m
/n/10 j\OML/cmm/m/it/10 L\OMS/cmsy/m/n/10 j$ \OT1/cmr/m/n/10 de-creases to abou
t 1% of 
 []

<figures/figure3.png, id=29, 975.645pt x 614.295pt>
File: figures/figure3.png Graphic file (type png)
<use figures/figure3.png>
Package pdftex.def Info: figures/figure3.png  used on input line 284.
(pdftex.def)             Requested size: 397.48499pt x 250.2691pt.
LaTeX Font Info:    External font `cmex10' loaded for size
(Font)              <9> on input line 285.

Underfull \hbox (badness 10000) in paragraph at lines 285--285
[]\OT1/cmr/bx/n/9 Figure  3. \OT1/cmr/m/n/9 Frequency-dependent dy-namic elec-t
roki-netic prop-er-ties de-rived from the re-ac-tive
 []


Underfull \hbox (badness 10000) in paragraph at lines 285--285
\OT1/cmr/m/n/9 trans-port states. The op-pos-ing trends in $\OML/cmm/m/it/9 L\O
T1/cmr/m/n/9 (\OML/cmm/m/it/9 !\OT1/cmr/m/n/9 )$ and $\OML/cmm/m/it/9 ^^[\OT1/c
mr/m/n/9 (\OML/cmm/m/it/9 !\OT1/cmr/m/n/9 )$ de-fine the main source-strength c
om-pe-ti-
 []


Overfull \hbox (4.57152pt too wide) in paragraph at lines 289--289
[]\OT1/cmr/bx/n/10 Interface Con-ver-sion Co-ef-fi-cients Record Conductivity-C
ontrolled 
 []


Underfull \vbox (badness 10000) has occurred while \output is active []



[4]

[5 <./figures/figure2.png>]
Overfull \hbox (3.08632pt too wide) in paragraph at lines 291--294
[]\OT1/cmr/m/n/10 The mag-ni-tude of $\OML/cmm/m/it/10 R[]$ \OT1/cmr/m/n/10 de-
creases mod-er-ately for Pe = 0.1 but falls by nearly four 
 []


Overfull \hbox (8.21014pt too wide) in paragraph at lines 291--294
\OT1/cmr/m/n/10 or-ders of mag-ni-tude for Pe = 1 and Pe = 10 within the valid 
win-dow. Frequency-angle 
 []


Overfull \hbox (4.04337pt too wide) in paragraph at lines 291--294
\OT1/cmr/m/n/10 heatmaps show that this weak-en-ing per-sists across the sam-pl
ed incident-wave and fre- 
 []


Overfull \hbox (7.90454pt too wide) in paragraph at lines 291--294
\OT1/cmr/m/n/10 quency space. This con-trast in-di-cates that con-duc-tiv-ity g
rowth can out-weigh the ef-fect 
 []

<figures/figure4a.png, id=39, 758.835pt x 505.89pt>
File: figures/figure4a.png Graphic file (type png)
<use figures/figure4a.png>
Package pdftex.def Info: figures/figure4a.png  used on input line 296.
(pdftex.def)             Requested size: 397.48499pt x 264.99411pt.
<figures/figure4b.png, id=40, 867.24pt x 650.43pt>
File: figures/figure4b.png Graphic file (type png)
<use figures/figure4b.png>
Package pdftex.def Info: figures/figure4b.png  used on input line 298.
(pdftex.def)             Requested size: 397.48499pt x 298.11963pt.

Underfull \hbox (badness 10000) in paragraph at lines 299--299
[]\OT1/cmr/bx/n/9 Figure  4. \OT1/cmr/m/n/9 In-ter-face con-ver-sion co-ef-fi-c
ients dur-ing dis-so-lu-tion. The time se-ries show how
 []


Underfull \hbox (badness 10000) in paragraph at lines 299--299
\OT1/cmr/m/n/9 dy-namic prop-erty changes are trans-ferred into con-ver-sion st
rength, and the frequency-angle
 []


Overfull \hbox (19.58665pt too wide) in paragraph at lines 303--303
[]\OT1/cmr/bx/n/10 Finite-Offset Wave-forms Pre-serve the Same Weak-en-ing in W
ave-form 
 []


Overfull \hbox (23.48433pt too wide) in paragraph at lines 305--308
[]\OT1/cmr/m/n/10 The post-$\OML/cmm/m/it/10 T[]$ \OT1/cmr/m/n/10 finite-offset
 re-sponse weak-ens as dis-so-lu-tion pro-ceeds, with the strongest 
 []


Overfull \hbox (31.07115pt too wide) in paragraph at lines 305--308
\OT1/cmr/m/n/10 am-pli-tude loss in Pe = 1 and Pe = 10. The wave-form re-sult t
here-fore car-ries the coefficient- 
 []


Overfull \hbox (14.40457pt too wide) in paragraph at lines 305--308
\OT1/cmr/m/n/10 level sup-pres-sion into the time-domain wave-form re-sponse in
 the sim-u-la-tions. Late-stage 
 []

<figures/figure5.png, id=41, 939.51pt x 650.43pt>
File: figures/figure5.png Graphic file (type png)
<use figures/figure5.png>
Package pdftex.def Info: figures/figure5.png  used on input line 310.
(pdftex.def)             Requested size: 397.48499pt x 275.18353pt.

Underfull \hbox (badness 10000) in paragraph at lines 311--311
[]\OT1/cmr/bx/n/9 Figure  5. \OT1/cmr/m/n/9 Finite-offset wave-form pan-els for
 se-lected dis-so-lu-tion states. Dis-so-lu-tion time in-
 []


Overfull \hbox (10.70654pt too wide) in paragraph at lines 317--320
[]\OT1/cmr/m/n/10 Frequency sam-pling tests show that coarse sam-pling can cre-
ate pre-$\OML/cmm/m/it/10 T[]$ \OT1/cmr/m/n/10 aliases, but 
 []


Overfull \hbox (12.04353pt too wide) in paragraph at lines 317--320
\OT1/cmr/m/n/10 form pan-els. This di-ag-nos-tic sup-ports the in-ter-pre-ta-ti
on that the plot-ted main re-sponse 
 []


Overfull \hbox (15.48244pt too wide) in paragraph at lines 321--321
[]\OT1/cmr/bx/n/10 Spatial Peak Pat-terns Are Con-sis-tent With an In-ter-face 
Source Ge- 
 []


Overfull \hbox (14.46016pt too wide) in paragraph at lines 323--326
[]\OT1/cmr/m/n/10 The finite-offset peak am-pli-tudes vary with re-ceiver po-si
-tion and show po-lar-ity dif- 
 []


Overfull \hbox (4.9045pt too wide) in paragraph at lines 323--326
\OT1/cmr/m/n/10 fer-ences across the in-ter-face. The Liu-type dipole pat-tern 
is used only as a nor-mal-ized 
 []


Overfull \hbox (19.96022pt too wide) in paragraph at lines 323--326
\OT1/cmr/m/n/10 spa-tial in-ter-pre-ta-tion, not as an ad-di-tional mul-ti-plie
r on the for-ward wave-form. This sub- 
 []


Overfull \hbox (10.84901pt too wide) in paragraph at lines 323--326
\OT1/cmr/m/n/10 sec-tion func-tions as a ge-om-e-try con-sis-tency check be-for
e the mech-a-nism de-com-po-si-tion.  
 []


Underfull \vbox (badness 10000) has occurred while \output is active []



[6 <./figures/figure3.png>]

[7 <./figures/figure4a.png> <./figures/figure4b.png>]
<figures/figure6.png, id=55, 939.51pt x 303.534pt>
File: figures/figure6.png Graphic file (type png)
<use figures/figure6.png>
Package pdftex.def Info: figures/figure6.png  used on input line 328.
(pdftex.def)             Requested size: 397.48499pt x 128.41898pt.

Underfull \hbox (badness 10000) in paragraph at lines 329--329
[]\OT1/cmr/bx/n/9 Figure  6. \OT1/cmr/m/n/9 Spa-tial peak dis-tri-bu-tion, po-l
ar-ity be-hav-ior, and nor-mal-ized dipole in-ter-pre-ta-tion.
 []


Overfull \hbox (19.6352pt too wide) in paragraph at lines 333--333
[]\OT1/cmr/bx/n/10 Mechanism De-com-po-si-tion Iden-ti-fies the Dom-i-nant Pa-r
am-e-ter Path- 
 []


Overfull \hbox (0.71008pt too wide) in paragraph at lines 335--338
[]\OT1/cmr/m/n/10 One-at-a-time sub-sti-tu-tions show that the largest neg-a-ti
ve con-tri-bu-tion in Pe = 
 []


Overfull \hbox (3.37675pt too wide) in paragraph at lines 335--338
\OT1/cmr/m/n/10 1 and Pe = 10 comes from the fluid chem-istry path-way. The lat
e-stage am-pli-tude loss 
 []


Overfull \hbox (5.40456pt too wide) in paragraph at lines 335--338
\OT1/cmr/m/n/10 is there-fore in-ter-preted mainly as conductivity-related weak
-en-ing of elec-troki-netic cou- 
 []


Overfull \hbox (4.65463pt too wide) in paragraph at lines 335--338
\OT1/cmr/m/n/10 pling, with per-me-abil-ity and non-lin-ear in-ter-ac-tions act
-ing as sec-ondary con-trols in the 
 []


Overfull \hbox (7.4879pt too wide) in paragraph at lines 335--338
\OT1/cmr/m/n/10 tested con-fig-u-ra-tion. For Pe = 1 and Pe = 10, the fluid che
m-istry path-way con-tributes 
 []


Underfull \vbox (badness 10000) has occurred while \output is active []



[8 <./figures/figure5.png> <./figures/figure6.png>]
<figures/figure7.png, id=61, 939.51pt x 520.344pt>
File: figures/figure7.png Graphic file (type png)
<use figures/figure7.png>
Package pdftex.def Info: figures/figure7.png  used on input line 340.
(pdftex.def)             Requested size: 397.48499pt x 220.14682pt.

Underfull \hbox (badness 10000) in paragraph at lines 341--341
[]\OT1/cmr/bx/n/9 Figure  7. \OT1/cmr/m/n/9 Mech-a-nism de-com-po-si-tion us-in
g one-at-a-time pa-ram-e-ter sub-sti-tu-tions. The fig-ure
 []


Overfull \hbox (6.08531pt too wide) in paragraph at lines 345--345
[]\OT1/cmr/bx/n/10 Normalized Met-rics Pro-vide Simulation-Based Mon-i-tor-ing 
In-di-ca- 
 []


Overfull \hbox (6.38141pt too wide) in paragraph at lines 347--350
[]\OT1/cmr/m/n/10 Normalized $\OML/cmm/m/it/10 R[]$ \OT1/cmr/m/n/10 and $\OMS/c
msy/m/n/10 j\OML/cmm/m/it/10 L\OMS/cmsy/m/n/10 j\OML/cmm/m/it/10 =\OMS/cmsy/m/n
/10 j\OML/cmm/m/it/10 ^^[\OMS/cmsy/m/n/10 j$ \OT1/cmr/m/n/10 de-crease more str
ongly than the sim-ple high-over-low 
 []


Overfull \hbox (4.37666pt too wide) in paragraph at lines 347--350
\OT1/cmr/m/n/10 fre-quency ra-tio in the higher Pe cases. These met-rics are tr
eated as di-ag-nos-tic quan-ti- 
 []


Overfull \hbox (14.753pt too wide) in paragraph at lines 347--350
\OT1/cmr/m/n/10 ties from the sim-u-la-tions, not as ev-i-dence of field de-tec
tabil-ity. The nor-mal-ized $\OML/cmm/m/it/10 R[]$ \OT1/cmr/m/n/10 met- 
 []

<figures/figure8.png, id=62, 758.835pt x 534.798pt>
File: figures/figure8.png Graphic file (type png)
<use figures/figure8.png>
Package pdftex.def Info: figures/figure8.png  used on input line 352.
(pdftex.def)             Requested size: 397.48499pt x 280.13664pt.

Underfull \hbox (badness 10000) in paragraph at lines 353--353
[]\OT1/cmr/bx/n/9 Figure  8. \OT1/cmr/m/n/9 Nor-mal-ized re-sponse met-rics dur
-ing dis-so-lu-tion. The fig-ure com-pares coefficient-
 []


Overfull \hbox (4.93675pt too wide) in paragraph at lines 359--359
[]\OT1/cmr/bx/n/10 Why Stronger Hy-draulic Con-nec-tiv-ity Can Pro-duce a Weake
r In- 
 []


Overfull \hbox (2.01561pt too wide) in paragraph at lines 361--363
[]\OT1/cmr/m/n/10 The main re-sult is not a mono-tonic re-la-tion be-tween dis-
so-lu-tion and seis-mo-elec- 
 []


Overfull \hbox (0.2379pt too wide) in paragraph at lines 361--363
\OT1/cmr/m/n/10 tric am-pli-tude. In-stead, dis-so-lu-tion can in-crease hy-dra
ulic con-nec-tiv-ity while in-creas- 
 []


Overfull \hbox (1.62675pt too wide) in paragraph at lines 361--363
\OT1/cmr/m/n/10 ing elec-tri-cal leak-age, and the lat-ter ef-fect can dom-i-na
te the in-ter-face elec-tro-mag-netic 
 []


Overfull \hbox (2.65446pt too wide) in paragraph at lines 366--368
[]\OT1/cmr/m/n/10 The Pe = 1 and Pe = 10 cases de-velop much larger per-me-abil
-ity and con-duc-tiv- 
 []


Overfull \hbox (25.18231pt too wide) in paragraph at lines 366--368
\OT1/cmr/m/n/10 ity changes than Pe = 0.1. Their weaker in-ter-face re-sponses 
in-di-cate that trans-port regime 
 []


Overfull \hbox (6.04347pt too wide) in paragraph at lines 366--368
\OT1/cmr/m/n/10 af-fects the seis-mo-elec-tric sig-nal through cou-pled hy-drau
lic and chem-i-cal path-ways, not 
 []


Underfull \vbox (badness 10000) has occurred while \output is active []



[9 <./figures/figure7.png>]
Overfull \hbox (13.07124pt too wide) in paragraph at lines 371--373
[]\OT1/cmr/m/n/10 The re-sults sug-gest that seis-mo-elec-tric mon-i-tor-ing of
 dis-so-lu-tion should track both 
 []


Overfull \hbox (12.29355pt too wide) in paragraph at lines 371--373
\OT1/cmr/m/n/10 hy-draulic and elec-tri-cal state vari-ables. Am-pli-tude loss 
dur-ing dis-so-lu-tion should not be 
 []


Overfull \hbox (2.6546pt too wide) in paragraph at lines 371--373
\OT1/cmr/m/n/10 in-ter-preted di-rectly as re-duced per-me-abil-ity with-out co
n-sid-er-ing pore-fluid con-duc-tiv- 
 []


Overfull \hbox (15.5989pt too wide) in paragraph at lines 376--378
[]\OT1/cmr/m/n/10 The present work-flow uses sim-u-lated re-ac-tive trans-port 
out-puts and a for-ward seis- 
 []


Overfull \hbox (14.099pt too wide) in paragraph at lines 376--378
\OT1/cmr/m/n/10 mo-elec-tric model, so the con-clu-sions are lim-ited to the te
sted ge-om-e-try, pa-ram-e-ter map- 
 []


Overfull \hbox (1.93245pt too wide) in paragraph at lines 376--378
\OT1/cmr/m/n/10 ping, and poroe-las-tic va-lid-ity win-dow. Fu-ture work should
 sep-a-rate in-de-pen-dent fluid 
 []


Overfull \hbox (4.10081pt too wide) in paragraph at lines 376--378
\OT1/cmr/m/n/10 con-duc-tiv-ity and $\OML/cmm/m/it/10 ^^P$\OT1/cmr/m/n/10 -pote
ntial ef-fects and com-pare the pre-dicted trends with lab-o-ra-tory 
 []


Overfull \hbox (0.48784pt too wide) in paragraph at lines 381--383
[]\OT1/cmr/m/n/10 This study links re-ac-tive trans-port evo-lu-tion to finite-
offset seis-mo-elec-tric in-ter- 
 []


Overfull \hbox (6.98788pt too wide) in paragraph at lines 381--383
\OT1/cmr/m/n/10 face re-sponses through dy-namic elec-troki-netic prop-er-ties 
and in-ter-face con-ver-sion co-ef- 
 []


Overfull \hbox (19.15453pt too wide) in paragraph at lines 381--383
\OT1/cmr/m/n/10 fi-cients. Dis-so-lu-tion in-creases poros-ity and per-me-abil-
ity, but higher Pe cases also in-crease 
 []


Overfull \hbox (5.80167pt too wide) in paragraph at lines 381--383
\OT1/cmr/m/n/10 pore-fluid con-duc-tiv-ity enough to sup-press $\OML/cmm/m/it/1
0 L\OT1/cmr/m/n/10 (\OML/cmm/m/it/10 !\OT1/cmr/m/n/10 )$, $\OML/cmm/m/it/10 R[]
$\OT1/cmr/m/n/10 , $\OML/cmm/m/it/10 T[]$\OT1/cmr/m/n/10 , and post-$\OML/cmm/m
/it/10 T[]$ \OT1/cmr/m/n/10 wave-form am- 
 []



[10 <./figures/figure8.png>]
Overfull \hbox (8.59901pt too wide) in paragraph at lines 384--386
[]\OT1/cmr/m/n/10 The mech-a-nism de-com-po-si-tion in-di-cates that fluid chem
-istry is the main neg-a-tive 
 []


Overfull \hbox (10.62677pt too wide) in paragraph at lines 384--386
\OT1/cmr/m/n/10 path-way in the strongest am-pli-tude losses. The prac-ti-cal i
m-pli-ca-tion is that seis-mo-elec- 
 []


Overfull \hbox (2.87675pt too wide) in paragraph at lines 384--386
\OT1/cmr/m/n/10 tric re-sponse changes dur-ing dis-so-lu-tion should be in-ter-
preted as the out-come of com- 
 []


Overfull \hbox (25.21011pt too wide) in paragraph at lines 552--554
[]\OT1/cmr/m/n/10 The re-ac-tive trans-port in-put ta-bles, seis-mo-elec-tric m
od-el-ing scripts, figure-generation 
 []


Overfull \hbox (4.5712pt too wide) in paragraph at lines 552--554
\OT1/cmr/m/n/10 scripts, and pro-cessed wave-form di-ag-nos-tics will be archiv
ed in a pub-lic repos-i-tory be- 
 []


Overfull \hbox (90.71524pt too wide) in paragraph at lines 552--554
\OT1/cmr/m/n/10 fore sub-mis-sion. The present manuscript out-line uses lo-cal 
files un-der \OT1/cmtt/m/n/10 paper[]figure[]sequence[]analysis\OT1/cmr/m/n/10 
; 
 []


Overfull \hbox (9.23795pt too wide) in paragraph at lines 556--558
[]\OT1/cmr/m/n/10 This nu-mer-i-cal mod-el-ing study does not cur-rently in-vol
ve field sam-pling, per-mits, 
 []


Overfull \hbox (12.34908pt too wide) in paragraph at lines 556--558
\OT1/cmr/m/n/10 or lo-cal com-mu-nity data. The fi-nal manuscript should up-dat
e this state-ment if new col- 
 []


Overfull \hbox (29.54343pt too wide) in paragraph at lines 560--561
[]\OT1/cmr/m/n/10 The au-thors de-clare that they have no con-flicts of in-ter-
est rel-e-vant to this manuscript.  
 []


Overfull \hbox (11.57126pt too wide) in paragraph at lines 563--565
\OT1/cmr/m/n/10 Funding sources, com-pu-ta-tional re-sources, and col-leagues w
ho con-tributed com-ments or 
 []



[11] (./agujournaltemplate.aux)
 ***********
LaTeX2e <2024-11-01> patch level 2
L3 programming layer <2025-01-18>
 ***********


LaTeX Font Warning: Size substitutions with differences
(Font)              up to 0.45pt have occurred.

 ) 
Here is how much of TeX's memory you used:
 4399 strings out of 474662
 71377 string characters out of 5751110
 478184 words of memory out of 5000000
 27362 multiletter control sequences out of 15000+600000
 567143 words of font info for 64 fonts, out of 8000000 for 9000
 325 hyphenation exceptions out of 8191
 72i,8n,79p,487b,323s stack positions out of 10000i,1000n,20000p,200000b,200000s
</usr/local/texlive/2025basic/texmf-dist/fonts/type1/public/amsfonts/cm/cmbx1
0.pfb></usr/local/texlive/2025basic/texmf-dist/fonts/type1/public/amsfonts/cm/c
mbx12.pfb></usr/local/texlive/2025basic/texmf-dist/fonts/type1/public/amsfonts/
cm/cmbx7.pfb></usr/local/texlive/2025basic/texmf-dist/fonts/type1/public/amsfon
ts/cm/cmbx9.pfb></usr/local/texlive/2025basic/texmf-dist/fonts/type1/public/ams
fonts/cm/cmmi10.pfb></usr/local/texlive/2025basic/texmf-dist/fonts/type1/public
/amsfonts/cm/cmmi7.pfb></usr/local/texlive/2025basic/texmf-dist/fonts/type1/pub
lic/amsfonts/cm/cmmi9.pfb></usr/local/texlive/2025basic/texmf-dist/fonts/type1/
public/amsfonts/cm/cmmib10.pfb></usr/local/texlive/2025basic/texmf-dist/fonts/t
ype1/public/amsfonts/cm/cmr10.pfb></usr/local/texlive/2025basic/texmf-dist/font
s/type1/public/amsfonts/cm/cmr6.pfb></usr/local/texlive/2025basic/texmf-dist/fo
nts/type1/public/amsfonts/cm/cmr7.pfb></usr/local/texlive/2025basic/texmf-dist/
fonts/type1/public/amsfonts/cm/cmr8.pfb></usr/local/texlive/2025basic/texmf-dis
t/fonts/type1/public/amsfonts/cm/cmr9.pfb></usr/local/texlive/2025basic/texmf-d
ist/fonts/type1/public/amsfonts/cm/cmss8.pfb></usr/local/texlive/2025basic/texm
f-dist/fonts/type1/public/amsfonts/cm/cmsy10.pfb></usr/local/texlive/2025basic/
texmf-dist/fonts/type1/public/amsfonts/cm/cmsy5.pfb></usr/local/texlive/2025bas
ic/texmf-dist/fonts/type1/public/amsfonts/cm/cmsy7.pfb></usr/local/texlive/2025
basic/texmf-dist/fonts/type1/public/amsfonts/cm/cmti9.pfb></usr/local/texlive/2
025basic/texmf-dist/fonts/type1/public/amsfonts/cm/cmtt10.pfb></usr/local/texli
ve/2025basic/texmf-dist/fonts/type1/public/amsfonts/cm/cmtt9.pfb>
Output written on agujournaltemplate.pdf (11 pages, 6306222 bytes).
PDF statistics:
 159 PDF objects out of 1000 (max. 8388607)
 87 compressed objects within 1 object stream
 0 named destinations out of 1000 (max. 500000)
 46 words of extra memory for PDF output out of 10000 (max. 10000000)

